Detecting compiler hash for triplet x64-windows...
Compiler found: D:/Visual studio/VC/Tools/MSVC/14.50.35717/bin/Hostx64/x64/cl.exe
The following packages will be built and installed:
    curl[core,non-http,ssl,sspi]:x64-windows@8.18.0#1
  * vcpkg-cmake:x64-windows@2024-04-23
  * vcpkg-cmake-config:x64-windows@2024-05-23
  * zlib:x64-windows@1.3.1
Additional packages (*) will be modified to complete this operation.
Restored 2 package(s) from C:\Users\TT\AppData\Local\vcpkg\archives in 142 ms. Use --debug to see more details.
Installing 1/4 vcpkg-cmake:x64-windows@2024-04-23...
vcpkg-cmake:x64-windows@2024-04-23 package ABI: 35339ad082dba2ce6c24df178e46d63863e8f7f8246ff11875d5c624c18ff364
Elapsed time to handle vcpkg-cmake:x64-windows: 13.3 ms
Installing 2/4 zlib:x64-windows@1.3.1...
zlib:x64-windows@1.3.1 package ABI: ad64a3ef311d4ac410eb188f216614bae0936727fa3afb4287d5a64e84072e4f
Building zlib:x64-windows@1.3.1...
-- Using cached madler-zlib-v1.3.1.tar.gz
-- Cleaning sources at D:/vcpkg/buildtrees/zlib/src/v1.3.1-2e5db616bf.clean. Use --editable to skip cleaning for the packages you specify.
-- Extracting source D:/vcpkg/downloads/madler-zlib-v1.3.1.tar.gz
-- Applying patch 0001-Prevent-invalid-inclusions-when-HAVE_-is-set-to-0.patch
-- Applying patch 0002-build-static-or-shared-not-both.patch
-- Applying patch 0003-android-and-mingw-fixes.patch
-- Using source at D:/vcpkg/buildtrees/zlib/src/v1.3.1-2e5db616bf.clean
-- Configuring x64-windows
-- Building x64-windows-dbg
-- Building x64-windows-rel
-- Installing: D:/vcpkg/packages/zlib_x64-windows/share/zlib/vcpkg-cmake-wrapper.cmake
-- Fixing pkgconfig file: D:/vcpkg/packages/zlib_x64-windows/lib/pkgconfig/zlib.pc
-- Using cached msys2-mingw-w64-x86_64-pkgconf-1~2.5.1-1-any.pkg.tar.zst
-- Using cached msys2-msys2-runtime-3.6.5-1-x86_64.pkg.tar.zst
-- Using msys root at D:/vcpkg/downloads/tools/msys2/3e71d1f8e22ab23f
-- Fixing pkgconfig file: D:/vcpkg/packages/zlib_x64-windows/debug/lib/pkgconfig/zlib.pc
-- Installing: D:/vcpkg/packages/zlib_x64-windows/share/zlib/copyright
-- Performing post-build validation
Starting submission of zlib:x64-windows@1.3.1 to 1 binary cache(s) in the background
Elapsed time to handle zlib:x64-windows: 8.9 s
Installing 3/4 vcpkg-cmake-config:x64-windows@2024-05-23...
vcpkg-cmake-config:x64-windows@2024-05-23 package ABI: 2e78caf6686bc7ebaf8fd86ba2052acfda7b9fe030a37a0802855e286204866d
Elapsed time to handle vcpkg-cmake-config:x64-windows: 13.8 ms
Installing 4/4 curl[core,non-http,ssl,sspi]:x64-windows@8.18.0#1...
curl[core,non-http,ssl,sspi]:x64-windows@8.18.0#1 package ABI: 650893442e25e5e415c3dcfcad9b9a8e10103c8d00c009058a07092ea6ccd215
Building curl[core,non-http,ssl,sspi]:x64-windows@8.18.0#1...
-- Using cached curl-curl-curl-8_18_0.tar.gz
-- Cleaning sources at D:/vcpkg/buildtrees/curl/src/url-8_18_0-c0c48377da.clean. Use --editable to skip cleaning for the packages you specify.
-- Extracting source D:/vcpkg/downloads/curl-curl-curl-8_18_0.tar.gz
-- Applying patch dependencies.patch
-- Applying patch winsock.diff
-- Using source at D:/vcpkg/buildtrees/curl/src/url-8_18_0-c0c48377da.clean
-- Using cached msys2-mingw-w64-x86_64-pkgconf-1~2.5.1-1-any.pkg.tar.zst
-- Using cached msys2-msys2-runtime-3.6.5-1-x86_64.pkg.tar.zst
-- Using msys root at D:/vcpkg/downloads/tools/msys2/3e71d1f8e22ab23f
-- Configuring x64-windows
-- Building x64-windows-dbg
-- Building x64-windows-rel
-- Fixing pkgconfig file: D:/vcpkg/packages/curl_x64-windows/lib/pkgconfig/libcurl.pc
-- Fixing pkgconfig file: D:/vcpkg/packages/curl_x64-windows/debug/lib/pkgconfig/libcurl.pc
-- Installing: D:/vcpkg/packages/curl_x64-windows/share/curl/vcpkg-cmake-wrapper.cmake
-- Installing: D:/vcpkg/packages/curl_x64-windows/share/curl/usage
-- Performing post-build validation
Starting submission of curl[core,non-http,ssl,sspi]:x64-windows@8.18.0#1 to 1 binary cache(s) in the background
Elapsed time to handle curl:x64-windows: 26 s
Installed contents are licensed to you by owners. Microsoft is not responsible for, nor does it grant any licenses to, third-party packages.
Packages installed in this vcpkg installation declare the following licenses:
BSD-3-Clause
ISC
MIT
Zlib
curl
curl is compatible with built-in CMake targets:

    find_package(CURL REQUIRED)
    target_link_libraries(main PRIVATE CURL::libcurl)

Completed submission of zlib:x64-windows@1.3.1 to 1 binary cache(s) in 253 ms
Waiting for 1 remaining binary cache submissions...
Completed submission of curl[core,non-http,ssl,sspi]:x64-windows@8.18.0#1 to 1 binary cache(s) in 764 ms (1/1)
All requested installations completed successfully in: 35 s
